<?xml version="1.0" encoding="UTF-8"?>
<!-- Generated by org.testng.reporters.JUnitXMLReporter -->
<testsuite hostname="DESKTOP-DQ56HI0" ignored="2" name="Default test" tests="1" failures="0" timestamp="25 Aug 2020 04:48:49 GMT" time="0.616" errors="0">
  <testcase name="testDeleteCall" time="0.532" classname="APIhttpClient.TestAPICalls.testAPI_deleteCall"/>
  <testcase name="testDeleteCallId1516" time="0.0" classname="APIhttpClient.TestAPICalls.testAPI_deleteCall">
    <ignored/>
  </testcase> <!-- testDeleteCallId1516 -->
  <testcase name="testDeleteCallId4_13" time="0.0" classname="APIhttpClient.TestAPICalls.testAPI_deleteCall">
    <ignored/>
  </testcase> <!-- testDeleteCallId4_13 -->
</testsuite> <!-- Default test -->
