<?xml version="1.0" encoding="UTF-8"?>
<testng-results skipped="0" failed="0" ignored="2" total="3" passed="1">
  <reporter-output>
  </reporter-output>
  <suite name="Default suite" duration-ms="616" started-at="2020-08-25T04:48:48Z" finished-at="2020-08-25T04:48:49Z">
    <groups>
    </groups>
    <test name="Default test" duration-ms="616" started-at="2020-08-25T04:48:48Z" finished-at="2020-08-25T04:48:49Z">
      <class name="APIhttpClient.TestAPICalls.testAPI_deleteCall">
        <test-method status="PASS" signature="setUp()[pri:0, instance:APIhttpClient.TestAPICalls.testAPI_deleteCall@77167fb7]" name="setUp" is-config="true" duration-ms="16" started-at="2020-08-25T04:48:48Z" finished-at="2020-08-25T04:48:48Z">
          <reporter-output>
          </reporter-output>
        </test-method> <!-- setUp -->
        <test-method status="PASS" signature="testDeleteCall()[pri:0, instance:APIhttpClient.TestAPICalls.testAPI_deleteCall@77167fb7]" name="testDeleteCall" duration-ms="532" started-at="2020-08-25T04:48:48Z" finished-at="2020-08-25T04:48:49Z">
          <reporter-output>
          </reporter-output>
        </test-method> <!-- testDeleteCall -->
      </class> <!-- APIhttpClient.TestAPICalls.testAPI_deleteCall -->
    </test> <!-- Default test -->
  </suite> <!-- Default suite -->
</testng-results>
